# JRE version: Java(TM) SE Runtime Environment (8.0_112-b15) (build 1.8.0_112-b15)
# Java VM: Java HotSpot(TM) Client VM (25.112-b15 mixed mode windows-x86 )
Heap:
 def new generation   total 77888K, used 8640K [0x05200000, 0x0a680000, 0x1a750000)
  eden space 69248K,   0% used [0x05200000, 0x05200000, 0x095a0000)
  from space 8640K, 100% used [0x09e10000, 0x0a680000, 0x0a680000)
  to   space 8640K,   0% used [0x095a0000, 0x095a0000, 0x09e10000)
 tenured generation   total 181324K, used 181304K [0x1a750000, 0x25863000, 0x45200000)
   the space 181324K,  99% used [0x1a750000, 0x2585e1f0, 0x2585e200, 0x25863000)
 Metaspace       used 3642K, capacity 3662K, committed 3776K, reserved 4480K
GC Heap History (10 events):
Event: 2.970 GC heap after
Heap after GC invocations=47 (full 5):
 def new generation   total 72256K, used 7999K [0x05200000, 0x0a060000, 0x1a750000)
  eden space 64256K,   0% used [0x05200000, 0x05200000, 0x090c0000)
  from space 8000K,  99% used [0x09890000, 0x0a05fff8, 0x0a060000)
  to   space 8000K,   0% used [0x090c0000, 0x090c0000, 0x09890000)
 tenured generation   total 160460K, used 136497K [0x1a750000, 0x24403000, 0x45200000)
   the space 160460K,  85% used [0x1a750000, 0x22c9c6b8, 0x22c9c800, 0x24403000)
 Metaspace       used 3624K, capacity 3630K, committed 3648K, reserved 4480K
}
Event: 3.063 GC heap before
{Heap before GC invocations=47 (full 5):
 def new generation   total 72256K, used 72255K [0x05200000, 0x0a060000, 0x1a750000)
  eden space 64256K, 100% used [0x05200000, 0x090c0000, 0x090c0000)
  from space 8000K,  99% used [0x09890000, 0x0a05fff8, 0x0a060000)
  to   space 8000K,   0% used [0x090c0000, 0x090c0000, 0x09890000)
 tenured generation   total 160460K, used 136497K [0x1a750000, 0x24403000, 0x45200000)
   the space 160460K,  85% used [0x1a750000, 0x22c9c6b8, 0x22c9c800, 0x24403000)
 Metaspace       used 3624K, capacity 3630K, committed 3648K, reserved 4480K
Event: 3.099 GC heap after
Heap after GC invocations=48 (full 5):
 def new generation   total 72256K, used 8000K [0x05200000, 0x0a060000, 0x1a750000)
  eden space 64256K,   0% used [0x05200000, 0x05200000, 0x090c0000)
  from space 8000K, 100% used [0x090c0000, 0x09890000, 0x09890000)
  to   space 8000K,   0% used [0x09890000, 0x09890000, 0x0a060000)
 tenured generation   total 160460K, used 146907K [0x1a750000, 0x24403000, 0x45200000)
   the space 160460K,  91% used [0x1a750000, 0x236c6e90, 0x236c7000, 0x24403000)
 Metaspace       used 3624K, capacity 3630K, committed 3648K, reserved 4480K
}
Event: 3.188 GC heap before
{Heap before GC invocations=48 (full 5):
 def new generation   total 72256K, used 72256K [0x05200000, 0x0a060000, 0x1a750000)
  eden space 64256K, 100% used [0x05200000, 0x090c0000, 0x090c0000)
  from space 8000K, 100% used [0x090c0000, 0x09890000, 0x09890000)
  to   space 8000K,   0% used [0x09890000, 0x09890000, 0x0a060000)
 tenured generation   total 160460K, used 146907K [0x1a750000, 0x24403000, 0x45200000)
   the space 160460K,  91% used [0x1a750000, 0x236c6e90, 0x236c7000, 0x24403000)
 Metaspace       used 3642K, capacity 3662K, committed 3776K, reserved 4480K
Event: 3.220 GC heap after
Heap after GC invocations=49 (full 5):
 def new generation   total 72256K, used 8000K [0x05200000, 0x0a060000, 0x1a750000)
  eden space 64256K,   0% used [0x05200000, 0x05200000, 0x090c0000)
  from space 8000K, 100% used [0x09890000, 0x0a060000, 0x0a060000)
  to   space 8000K,   0% used [0x090c0000, 0x090c0000, 0x09890000)
 tenured generation   total 160460K, used 154781K [0x1a750000, 0x24403000, 0x45200000)
   the space 160460K,  96% used [0x1a750000, 0x23e77598, 0x23e77600, 0x24403000)
 Metaspace       used 3642K, capacity 3662K, committed 3776K, reserved 4480K
}
Event: 3.327 GC heap before
{Heap before GC invocations=49 (full 5):
 def new generation   total 72256K, used 72256K [0x05200000, 0x0a060000, 0x1a750000)
  eden space 64256K, 100% used [0x05200000, 0x090c0000, 0x090c0000)
  from space 8000K, 100% used [0x09890000, 0x0a060000, 0x0a060000)
  to   space 8000K,   0% used [0x090c0000, 0x090c0000, 0x09890000)
 tenured generation   total 160460K, used 154781K [0x1a750000, 0x24403000, 0x45200000)
   the space 160460K,  96% used [0x1a750000, 0x23e77598, 0x23e77600, 0x24403000)
 Metaspace       used 3642K, capacity 3662K, committed 3776K, reserved 4480K
Event: 3.646 GC heap after
Heap after GC invocations=50 (full 6):
 def new generation   total 74304K, used 7868K [0x05200000, 0x0a290000, 0x1a750000)
  eden space 66112K,  11% used [0x05200000, 0x059af200, 0x09290000)
  from space 8192K,   0% used [0x09290000, 0x09290000, 0x09a90000)
  to   space 8192K,   0% used [0x09a90000, 0x09a90000, 0x0a290000)
 tenured generation   total 164940K, used 164936K [0x1a750000, 0x24863000, 0x45200000)
   the space 164940K,  99% used [0x1a750000, 0x24862308, 0x24862400, 0x24863000)
 Metaspace       used 3642K, capacity 3662K, committed 3776K, reserved 4480K
}
Event: 3.764 GC heap before
{Heap before GC invocations=50 (full 6):
 def new generation   total 74304K, used 66112K [0x05200000, 0x0a290000, 0x1a750000)
  eden space 66112K, 100% used [0x05200000, 0x09290000, 0x09290000)
  from space 8192K,   0% used [0x09290000, 0x09290000, 0x09a90000)
  to   space 8192K,   0% used [0x09a90000, 0x09a90000, 0x0a290000)
 tenured generation   total 164940K, used 164936K [0x1a750000, 0x24863000, 0x45200000)
   the space 164940K,  99% used [0x1a750000, 0x24862308, 0x24862400, 0x24863000)
 Metaspace       used 3642K, capacity 3662K, committed 3776K, reserved 4480K
Event: 4.162 GC heap after
Heap after GC invocations=51 (full 7):
 def new generation   total 77888K, used 8014K [0x05200000, 0x0a680000, 0x1a750000)
  eden space 69248K,  11% used [0x05200000, 0x059d38b0, 0x095a0000)
  from space 8640K,   0% used [0x095a0000, 0x095a0000, 0x09e10000)
  to   space 8640K,   0% used [0x09e10000, 0x09e10000, 0x0a680000)
 tenured generation   total 173004K, used 173004K [0x1a750000, 0x25043000, 0x45200000)
   the space 173004K, 100% used [0x1a750000, 0x25043000, 0x25043000, 0x25043000)
 Metaspace       used 3642K, capacity 3662K, committed 3776K, reserved 4480K
}
Event: 4.264 GC heap before
{Heap before GC invocations=51 (full 7):
 def new generation   total 77888K, used 69248K [0x05200000, 0x0a680000, 0x1a750000)
  eden space 69248K, 100% used [0x05200000, 0x095a0000, 0x095a0000)
  from space 8640K,   0% used [0x095a0000, 0x095a0000, 0x09e10000)
  to   space 8640K,   0% used [0x09e10000, 0x09e10000, 0x0a680000)
 tenured generation   total 173004K, used 173004K [0x1a750000, 0x25043000, 0x45200000)
   the space 173004K, 100% used [0x1a750000, 0x25043000, 0x25043000, 0x25043000)
 Metaspace       used 3642K, capacity 3662K, committed 3776K, reserved 4480K

