# JRE version: Java(TM) SE Runtime Environment (8.0_112-b15) (build 1.8.0_112-b15)
# Java VM: Java HotSpot(TM) Client VM (25.112-b15 mixed mode windows-x86 )
Heap:
 def new generation   total 129344K, used 14336K [0x04c00000, 0x0d850000, 0x1a150000)
  eden space 115008K,   0% used [0x04c00000, 0x04c00000, 0x0bc50000)
  from space 14336K, 100% used [0x0ca50000, 0x0d850000, 0x0d850000)
  to   space 14336K,   0% used [0x0bc50000, 0x0bc50000, 0x0ca50000)
 tenured generation   total 302608K, used 302597K [0x1a150000, 0x2c8d4000, 0x44c00000)
   the space 302608K,  99% used [0x1a150000, 0x2c8d17d8, 0x2c8d1800, 0x2c8d4000)
 Metaspace       used 3642K, capacity 3662K, committed 3776K, reserved 4480K
GC Heap History (10 events):
Event: 4.877 GC heap after
Heap after GC invocations=55 (full 6):
 def new generation   total 125568K, used 13951K [0x04c00000, 0x0d440000, 0x1a150000)
  eden space 111616K,   0% used [0x04c00000, 0x04c00000, 0x0b900000)
  from space 13952K,  99% used [0x0c6a0000, 0x0d43fff8, 0x0d440000)
  to   space 13952K,   0% used [0x0b900000, 0x0b900000, 0x0c6a0000)
 tenured generation   total 278928K, used 225691K [0x1a150000, 0x2b1b4000, 0x44c00000)
   the space 278928K,  80% used [0x1a150000, 0x27db6f00, 0x27db7000, 0x2b1b4000)
 Metaspace       used 3642K, capacity 3662K, committed 3776K, reserved 4480K
}
Event: 5.046 GC heap before
{Heap before GC invocations=55 (full 6):
 def new generation   total 125568K, used 125567K [0x04c00000, 0x0d440000, 0x1a150000)
  eden space 111616K, 100% used [0x04c00000, 0x0b900000, 0x0b900000)
  from space 13952K,  99% used [0x0c6a0000, 0x0d43fff8, 0x0d440000)
  to   space 13952K,   0% used [0x0b900000, 0x0b900000, 0x0c6a0000)
 tenured generation   total 278928K, used 225691K [0x1a150000, 0x2b1b4000, 0x44c00000)
   the space 278928K,  80% used [0x1a150000, 0x27db6f00, 0x27db7000, 0x2b1b4000)
 Metaspace       used 3642K, capacity 3662K, committed 3776K, reserved 4480K
Event: 5.108 GC heap after
Heap after GC invocations=56 (full 6):
 def new generation   total 125568K, used 13952K [0x04c00000, 0x0d440000, 0x1a150000)
  eden space 111616K,   0% used [0x04c00000, 0x04c00000, 0x0b900000)
  from space 13952K, 100% used [0x0b900000, 0x0c6a0000, 0x0c6a0000)
  to   space 13952K,   0% used [0x0c6a0000, 0x0c6a0000, 0x0d440000)
 tenured generation   total 278928K, used 241571K [0x1a150000, 0x2b1b4000, 0x44c00000)
   the space 278928K,  86% used [0x1a150000, 0x28d38df8, 0x28d38e00, 0x2b1b4000)
 Metaspace       used 3642K, capacity 3662K, committed 3776K, reserved 4480K
}
Event: 5.290 GC heap before
{Heap before GC invocations=56 (full 6):
 def new generation   total 125568K, used 125568K [0x04c00000, 0x0d440000, 0x1a150000)
  eden space 111616K, 100% used [0x04c00000, 0x0b900000, 0x0b900000)
  from space 13952K, 100% used [0x0b900000, 0x0c6a0000, 0x0c6a0000)
  to   space 13952K,   0% used [0x0c6a0000, 0x0c6a0000, 0x0d440000)
 tenured generation   total 278928K, used 241571K [0x1a150000, 0x2b1b4000, 0x44c00000)
   the space 278928K,  86% used [0x1a150000, 0x28d38df8, 0x28d38e00, 0x2b1b4000)
 Metaspace       used 3642K, capacity 3662K, committed 3776K, reserved 4480K
Event: 5.348 GC heap after
Heap after GC invocations=57 (full 6):
 def new generation   total 125568K, used 13952K [0x04c00000, 0x0d440000, 0x1a150000)
  eden space 111616K,   0% used [0x04c00000, 0x04c00000, 0x0b900000)
  from space 13952K, 100% used [0x0c6a0000, 0x0d440000, 0x0d440000)
  to   space 13952K,   0% used [0x0b900000, 0x0b900000, 0x0c6a0000)
 tenured generation   total 278928K, used 256368K [0x1a150000, 0x2b1b4000, 0x44c00000)
   the space 278928K,  91% used [0x1a150000, 0x29bac0c8, 0x29bac200, 0x2b1b4000)
 Metaspace       used 3642K, capacity 3662K, committed 3776K, reserved 4480K
}
Event: 5.548 GC heap before
{Heap before GC invocations=57 (full 6):
 def new generation   total 125568K, used 125568K [0x04c00000, 0x0d440000, 0x1a150000)
  eden space 111616K, 100% used [0x04c00000, 0x0b900000, 0x0b900000)
  from space 13952K, 100% used [0x0c6a0000, 0x0d440000, 0x0d440000)
  to   space 13952K,   0% used [0x0b900000, 0x0b900000, 0x0c6a0000)
 tenured generation   total 278928K, used 256368K [0x1a150000, 0x2b1b4000, 0x44c00000)
   the space 278928K,  91% used [0x1a150000, 0x29bac0c8, 0x29bac200, 0x2b1b4000)
 Metaspace       used 3642K, capacity 3662K, committed 3776K, reserved 4480K
Event: 5.605 GC heap after
Heap after GC invocations=58 (full 6):
 def new generation   total 125568K, used 13952K [0x04c00000, 0x0d440000, 0x1a150000)
  eden space 111616K,   0% used [0x04c00000, 0x04c00000, 0x0b900000)
  from space 13952K, 100% used [0x0b900000, 0x0c6a0000, 0x0c6a0000)
  to   space 13952K,   0% used [0x0c6a0000, 0x0c6a0000, 0x0d440000)
 tenured generation   total 278928K, used 271036K [0x1a150000, 0x2b1b4000, 0x44c00000)
   the space 278928K,  97% used [0x1a150000, 0x2a9ff128, 0x2a9ff200, 0x2b1b4000)
 Metaspace       used 3642K, capacity 3662K, committed 3776K, reserved 4480K
}
Event: 5.764 GC heap before
{Heap before GC invocations=58 (full 6):
 def new generation   total 125568K, used 125568K [0x04c00000, 0x0d440000, 0x1a150000)
  eden space 111616K, 100% used [0x04c00000, 0x0b900000, 0x0b900000)
  from space 13952K, 100% used [0x0b900000, 0x0c6a0000, 0x0c6a0000)
  to   space 13952K,   0% used [0x0c6a0000, 0x0c6a0000, 0x0d440000)
 tenured generation   total 278928K, used 271036K [0x1a150000, 0x2b1b4000, 0x44c00000)
   the space 278928K,  97% used [0x1a150000, 0x2a9ff128, 0x2a9ff200, 0x2b1b4000)
 Metaspace       used 3642K, capacity 3662K, committed 3776K, reserved 4480K
Event: 6.386 GC heap after
Heap after GC invocations=59 (full 7):
 def new generation   total 129344K, used 13925K [0x04c00000, 0x0d850000, 0x1a150000)
  eden space 115008K,  12% used [0x04c00000, 0x05999468, 0x0bc50000)
  from space 14336K,   0% used [0x0bc50000, 0x0bc50000, 0x0ca50000)
  to   space 14336K,   0% used [0x0ca50000, 0x0ca50000, 0x0d850000)
 tenured generation   total 287248K, used 287240K [0x1a150000, 0x2b9d4000, 0x44c00000)
   the space 287248K,  99% used [0x1a150000, 0x2b9d21f0, 0x2b9d2200, 0x2b9d4000)
 Metaspace       used 3642K, capacity 3662K, committed 3776K, reserved 4480K
}
Event: 6.537 GC heap before
{Heap before GC invocations=59 (full 7):
 def new generation   total 129344K, used 115008K [0x04c00000, 0x0d850000, 0x1a150000)
  eden space 115008K, 100% used [0x04c00000, 0x0bc50000, 0x0bc50000)
  from space 14336K,   0% used [0x0bc50000, 0x0bc50000, 0x0ca50000)
  to   space 14336K,   0% used [0x0ca50000, 0x0ca50000, 0x0d850000)
 tenured generation   total 287248K, used 287240K [0x1a150000, 0x2b9d4000, 0x44c00000)
   the space 287248K,  99% used [0x1a150000, 0x2b9d21f0, 0x2b9d2200, 0x2b9d4000)
 Metaspace       used 3642K, capacity 3662K, committed 3776K, reserved 4480K

