# JRE version: Java(TM) SE Runtime Environment (8.0_112-b15) (build 1.8.0_112-b15)
# Java VM: Java HotSpot(TM) Client VM (25.112-b15 mixed mode windows-x86 )
Heap:
 def new generation   total 130240K, used 14464K [0x04c00000, 0x0d950000, 0x1a150000)
  eden space 115776K,   0% used [0x04c00000, 0x04c00000, 0x0bd10000)
  from space 14464K, 100% used [0x0cb30000, 0x0d950000, 0x0d950000)
  to   space 14464K,   0% used [0x0bd10000, 0x0bd10000, 0x0cb30000)
 tenured generation   total 302596K, used 302505K [0x1a150000, 0x2c8d1000, 0x44c00000)
   the space 302596K,  99% used [0x1a150000, 0x2c8ba628, 0x2c8ba800, 0x2c8d1000)
 Metaspace       used 3642K, capacity 3662K, committed 3776K, reserved 4480K
GC Heap History (10 events):
Event: 5.086 GC heap after
Heap after GC invocations=56 (full 6):
 def new generation   total 117696K, used 13056K [0x04c00000, 0x0cbb0000, 0x1a150000)
  eden space 104640K,   0% used [0x04c00000, 0x04c00000, 0x0b230000)
  from space 13056K, 100% used [0x0bef0000, 0x0cbb0000, 0x0cbb0000)
  to   space 13056K,   0% used [0x0b230000, 0x0b230000, 0x0bef0000)
 tenured generation   total 261380K, used 241126K [0x1a150000, 0x2a091000, 0x44c00000)
   the space 261380K,  92% used [0x1a150000, 0x28cc9be0, 0x28cc9c00, 0x2a091000)
 Metaspace       used 3642K, capacity 3662K, committed 3776K, reserved 4480K
}
Event: 5.259 GC heap before
{Heap before GC invocations=56 (full 6):
 def new generation   total 117696K, used 117696K [0x04c00000, 0x0cbb0000, 0x1a150000)
  eden space 104640K, 100% used [0x04c00000, 0x0b230000, 0x0b230000)
  from space 13056K, 100% used [0x0bef0000, 0x0cbb0000, 0x0cbb0000)
  to   space 13056K,   0% used [0x0b230000, 0x0b230000, 0x0bef0000)
 tenured generation   total 261380K, used 241126K [0x1a150000, 0x2a091000, 0x44c00000)
   the space 261380K,  92% used [0x1a150000, 0x28cc9be0, 0x28cc9c00, 0x2a091000)
 Metaspace       used 3642K, capacity 3662K, committed 3776K, reserved 4480K
Event: 5.319 GC heap after
Heap after GC invocations=57 (full 6):
 def new generation   total 117696K, used 13055K [0x04c00000, 0x0cbb0000, 0x1a150000)
  eden space 104640K,   0% used [0x04c00000, 0x04c00000, 0x0b230000)
  from space 13056K,  99% used [0x0b230000, 0x0beefff8, 0x0bef0000)
  to   space 13056K,   0% used [0x0bef0000, 0x0bef0000, 0x0cbb0000)
 tenured generation   total 261380K, used 255011K [0x1a150000, 0x2a091000, 0x44c00000)
   the space 261380K,  97% used [0x1a150000, 0x29a58fd0, 0x29a59000, 0x2a091000)
 Metaspace       used 3642K, capacity 3662K, committed 3776K, reserved 4480K
}
Event: 5.515 GC heap before
{Heap before GC invocations=57 (full 6):
 def new generation   total 117696K, used 117695K [0x04c00000, 0x0cbb0000, 0x1a150000)
  eden space 104640K, 100% used [0x04c00000, 0x0b230000, 0x0b230000)
  from space 13056K,  99% used [0x0b230000, 0x0beefff8, 0x0bef0000)
  to   space 13056K,   0% used [0x0bef0000, 0x0bef0000, 0x0cbb0000)
 tenured generation   total 261380K, used 255011K [0x1a150000, 0x2a091000, 0x44c00000)
   the space 261380K,  97% used [0x1a150000, 0x29a58fd0, 0x29a59000, 0x2a091000)
 Metaspace       used 3642K, capacity 3662K, committed 3776K, reserved 4480K
Event: 6.114 GC heap after
Heap after GC invocations=58 (full 7):
 def new generation   total 120896K, used 13017K [0x04c00000, 0x0cf20000, 0x1a150000)
  eden space 107520K,  12% used [0x04c00000, 0x058b64f0, 0x0b500000)
  from space 13376K,   0% used [0x0b500000, 0x0b500000, 0x0c210000)
  to   space 13376K,   0% used [0x0c210000, 0x0c210000, 0x0cf20000)
 tenured generation   total 268420K, used 268419K [0x1a150000, 0x2a771000, 0x44c00000)
   the space 268420K,  99% used [0x1a150000, 0x2a770ff8, 0x2a771000, 0x2a771000)
 Metaspace       used 3642K, capacity 3662K, committed 3776K, reserved 4480K
}
Event: 6.258 GC heap before
{Heap before GC invocations=58 (full 7):
 def new generation   total 120896K, used 107520K [0x04c00000, 0x0cf20000, 0x1a150000)
  eden space 107520K, 100% used [0x04c00000, 0x0b500000, 0x0b500000)
  from space 13376K,   0% used [0x0b500000, 0x0b500000, 0x0c210000)
  to   space 13376K,   0% used [0x0c210000, 0x0c210000, 0x0cf20000)
 tenured generation   total 268420K, used 268419K [0x1a150000, 0x2a771000, 0x44c00000)
   the space 268420K,  99% used [0x1a150000, 0x2a770ff8, 0x2a771000, 0x2a771000)
 Metaspace       used 3642K, capacity 3662K, committed 3776K, reserved 4480K
Event: 7.066 GC heap after
Heap after GC invocations=59 (full 8):
 def new generation   total 127040K, used 3440K [0x04c00000, 0x0d5d0000, 0x1a150000)
  eden space 112960K,   3% used [0x04c00000, 0x04f5c210, 0x0ba50000)
  from space 14080K,   0% used [0x0ba50000, 0x0ba50000, 0x0c810000)
  to   space 14080K,   0% used [0x0c810000, 0x0c810000, 0x0d5d0000)
 tenured generation   total 282116K, used 282116K [0x1a150000, 0x2b4d1000, 0x44c00000)
   the space 282116K, 100% used [0x1a150000, 0x2b4d1000, 0x2b4d1000, 0x2b4d1000)
 Metaspace       used 3642K, capacity 3662K, committed 3776K, reserved 4480K
}
Event: 7.253 GC heap before
{Heap before GC invocations=59 (full 8):
 def new generation   total 127040K, used 112960K [0x04c00000, 0x0d5d0000, 0x1a150000)
  eden space 112960K, 100% used [0x04c00000, 0x0ba50000, 0x0ba50000)
  from space 14080K,   0% used [0x0ba50000, 0x0ba50000, 0x0c810000)
  to   space 14080K,   0% used [0x0c810000, 0x0c810000, 0x0d5d0000)
 tenured generation   total 282116K, used 282116K [0x1a150000, 0x2b4d1000, 0x44c00000)
   the space 282116K, 100% used [0x1a150000, 0x2b4d1000, 0x2b4d1000, 0x2b4d1000)
 Metaspace       used 3642K, capacity 3662K, committed 3776K, reserved 4480K
Event: 8.012 GC heap after
Heap after GC invocations=60 (full 9):
 def new generation   total 130240K, used 13964K [0x04c00000, 0x0d950000, 0x1a150000)
  eden space 115776K,  12% used [0x04c00000, 0x059a3248, 0x0bd10000)
  from space 14464K,   0% used [0x0bd10000, 0x0bd10000, 0x0cb30000)
  to   space 14464K,   0% used [0x0cb30000, 0x0cb30000, 0x0d950000)
 tenured generation   total 289284K, used 289277K [0x1a150000, 0x2bbd1000, 0x44c00000)
   the space 289284K,  99% used [0x1a150000, 0x2bbcf608, 0x2bbcf800, 0x2bbd1000)
 Metaspace       used 3642K, capacity 3662K, committed 3776K, reserved 4480K
}
Event: 8.151 GC heap before
{Heap before GC invocations=60 (full 9):
 def new generation   total 130240K, used 115776K [0x04c00000, 0x0d950000, 0x1a150000)
  eden space 115776K, 100% used [0x04c00000, 0x0bd10000, 0x0bd10000)
  from space 14464K,   0% used [0x0bd10000, 0x0bd10000, 0x0cb30000)
  to   space 14464K,   0% used [0x0cb30000, 0x0cb30000, 0x0d950000)
 tenured generation   total 289284K, used 289277K [0x1a150000, 0x2bbd1000, 0x44c00000)
   the space 289284K,  99% used [0x1a150000, 0x2bbcf608, 0x2bbcf800, 0x2bbd1000)
 Metaspace       used 3642K, capacity 3662K, committed 3776K, reserved 4480K

