# JRE version: Java(TM) SE Runtime Environment (8.0_112-b15) (build 1.8.0_112-b15)
# Java VM: Java HotSpot(TM) Client VM (25.112-b15 mixed mode windows-x86 )
Heap:
 def new generation   total 24832K, used 24832K [0x05800000, 0x072f0000, 0x1ad50000)
  eden space 22080K, 100% used [0x05800000, 0x06d90000, 0x06d90000)
  from space 2752K, 100% used [0x07040000, 0x072f0000, 0x072f0000)
  to   space 2752K,  96% used [0x06d90000, 0x07025ae8, 0x07040000)
 tenured generation   total 111164K, used 111107K [0x1ad50000, 0x219df000, 0x45800000)
   the space 111164K,  99% used [0x1ad50000, 0x219d0c88, 0x219d0e00, 0x219df000)
 Metaspace       used 3643K, capacity 3662K, committed 3776K, reserved 4480K
GC Heap History (10 events):
Event: 2.442 GC heap after
Heap after GC invocations=51 (full 8):
 def new generation   total 24832K, used 0K [0x05800000, 0x072f0000, 0x1ad50000)
  eden space 22080K,   0% used [0x05800000, 0x05800000, 0x06d90000)
  from space 2752K,   0% used [0x06d90000, 0x06d90000, 0x07040000)
  to   space 2752K,   0% used [0x07040000, 0x07040000, 0x072f0000)
 tenured generation   total 102844K, used 101361K [0x1ad50000, 0x211bf000, 0x45800000)
   the space 102844K,  98% used [0x1ad50000, 0x2104c768, 0x2104c800, 0x211bf000)
 Metaspace       used 3643K, capacity 3662K, committed 3776K, reserved 4480K
}
Event: 2.469 GC heap before
{Heap before GC invocations=51 (full 8):
 def new generation   total 24832K, used 22080K [0x05800000, 0x072f0000, 0x1ad50000)
  eden space 22080K, 100% used [0x05800000, 0x06d90000, 0x06d90000)
  from space 2752K,   0% used [0x06d90000, 0x06d90000, 0x07040000)
  to   space 2752K,   0% used [0x07040000, 0x07040000, 0x072f0000)
 tenured generation   total 102844K, used 101361K [0x1ad50000, 0x211bf000, 0x45800000)
   the space 102844K,  98% used [0x1ad50000, 0x2104c768, 0x2104c800, 0x211bf000)
 Metaspace       used 3643K, capacity 3662K, committed 3776K, reserved 4480K
Event: 2.474 GC heap after
Heap after GC invocations=52 (full 8):
 def new generation   total 24832K, used 2752K [0x05800000, 0x072f0000, 0x1ad50000)
  eden space 22080K,   0% used [0x05800000, 0x05800000, 0x06d90000)
  from space 2752K, 100% used [0x07040000, 0x072f0000, 0x072f0000)
  to   space 2752K,   0% used [0x06d90000, 0x06d90000, 0x07040000)
 tenured generation   total 102844K, used 101557K [0x1ad50000, 0x211bf000, 0x45800000)
   the space 102844K,  98% used [0x1ad50000, 0x2107d528, 0x2107d600, 0x211bf000)
 Metaspace       used 3643K, capacity 3662K, committed 3776K, reserved 4480K
}
Event: 2.506 GC heap before
{Heap before GC invocations=52 (full 8):
 def new generation   total 24832K, used 24832K [0x05800000, 0x072f0000, 0x1ad50000)
  eden space 22080K, 100% used [0x05800000, 0x06d90000, 0x06d90000)
  from space 2752K, 100% used [0x07040000, 0x072f0000, 0x072f0000)
  to   space 2752K,   0% used [0x06d90000, 0x06d90000, 0x07040000)
 tenured generation   total 102844K, used 101557K [0x1ad50000, 0x211bf000, 0x45800000)
   the space 102844K,  98% used [0x1ad50000, 0x2107d528, 0x2107d600, 0x211bf000)
 Metaspace       used 3643K, capacity 3662K, committed 3776K, reserved 4480K
Event: 2.663 GC heap after
Heap after GC invocations=53 (full 9):
 def new generation   total 24832K, used 2691K [0x05800000, 0x072f0000, 0x1ad50000)
  eden space 22080K,  12% used [0x05800000, 0x05aa0d08, 0x06d90000)
  from space 2752K,   0% used [0x06d90000, 0x06d90000, 0x07040000)
  to   space 2752K,   0% used [0x07040000, 0x07040000, 0x072f0000)
 tenured generation   total 104892K, used 104891K [0x1ad50000, 0x213bf000, 0x45800000)
   the space 104892K,  99% used [0x1ad50000, 0x213beff0, 0x213bf000, 0x213bf000)
 Metaspace       used 3643K, capacity 3662K, committed 3776K, reserved 4480K
}
Event: 2.691 GC heap before
{Heap before GC invocations=53 (full 9):
 def new generation   total 24832K, used 22080K [0x05800000, 0x072f0000, 0x1ad50000)
  eden space 22080K, 100% used [0x05800000, 0x06d90000, 0x06d90000)
  from space 2752K,   0% used [0x06d90000, 0x06d90040, 0x07040000)
  to   space 2752K,   0% used [0x07040000, 0x07040000, 0x072f0000)
 tenured generation   total 104892K, used 104891K [0x1ad50000, 0x213bf000, 0x45800000)
   the space 104892K,  99% used [0x1ad50000, 0x213beff0, 0x213bf000, 0x213bf000)
 Metaspace       used 3643K, capacity 3662K, committed 3776K, reserved 4480K
Event: 2.883 GC heap after
Heap after GC invocations=54 (full 10):
 def new generation   total 24832K, used 2637K [0x05800000, 0x072f0000, 0x1ad50000)
  eden space 22080K,  11% used [0x05800000, 0x05a93540, 0x06d90000)
  from space 2752K,   0% used [0x07040000, 0x07040000, 0x072f0000)
  to   space 2752K,   0% used [0x06d90000, 0x06d90000, 0x07040000)
 tenured generation   total 107852K, used 107852K [0x1ad50000, 0x216a3000, 0x45800000)
   the space 107852K, 100% used [0x1ad50000, 0x216a3000, 0x216a3000, 0x216a3000)
 Metaspace       used 3643K, capacity 3662K, committed 3776K, reserved 4480K
}
Event: 2.883 GC heap before
{Heap before GC invocations=54 (full 10):
 def new generation   total 24832K, used 2821K [0x05800000, 0x072f0000, 0x1ad50000)
  eden space 22080K,  12% used [0x05800000, 0x05ac1410, 0x06d90000)
  from space 2752K,   0% used [0x07040000, 0x07040000, 0x072f0000)
  to   space 2752K,   0% used [0x06d90000, 0x06d90000, 0x07040000)
 tenured generation   total 107852K, used 107852K [0x1ad50000, 0x216a3000, 0x45800000)
   the space 107852K, 100% used [0x1ad50000, 0x216a3000, 0x216a3000, 0x216a3000)
 Metaspace       used 3643K, capacity 3662K, committed 3776K, reserved 4480K
Event: 2.918 GC heap after
Heap after GC invocations=55 (full 10):
 def new generation   total 24832K, used 2646K [0x05800000, 0x072f0000, 0x1ad50000)
  eden space 22080K,   0% used [0x05800000, 0x05800000, 0x06d90000)
  from space 2752K,  96% used [0x06d90000, 0x07025ae8, 0x07040000)
  to   space 2752K,   0% used [0x07040000, 0x07040000, 0x072f0000)
 tenured generation   total 107980K, used 107852K [0x1ad50000, 0x216c3000, 0x45800000)
   the space 107980K,  99% used [0x1ad50000, 0x216a3030, 0x216a3200, 0x216c3000)
 Metaspace       used 3643K, capacity 3662K, committed 3776K, reserved 4480K
}
Event: 2.943 GC heap before
{Heap before GC invocations=55 (full 10):
 def new generation   total 24832K, used 24726K [0x05800000, 0x072f0000, 0x1ad50000)
  eden space 22080K, 100% used [0x05800000, 0x06d90000, 0x06d90000)
  from space 2752K,  96% used [0x06d90000, 0x07025ae8, 0x07040000)
  to   space 2752K,   0% used [0x07040000, 0x07040000, 0x072f0000)
 tenured generation   total 107980K, used 107852K [0x1ad50000, 0x216c3000, 0x45800000)
   the space 107980K,  99% used [0x1ad50000, 0x216a3030, 0x216a3200, 0x216c3000)
 Metaspace       used 3643K, capacity 3662K, committed 3776K, reserved 4480K

