# JRE version: Java(TM) SE Runtime Environment (8.0_181-b13) (build 1.8.0_181-b13)
# Java VM: Java HotSpot(TM) 64-Bit Server VM (25.181-b13 mixed mode windows-amd64 compressed oops)
Heap:
 PSYoungGen      total 232960K, used 74083K [0x00000000eab00000, 0x0000000100000000, 0x0000000100000000)
  eden space 116736K, 32% used [0x00000000eab00000,0x00000000ecf9f7b0,0x00000000f1d00000)
  from space 116224K, 31% used [0x00000000f8e80000,0x00000000fb239480,0x0000000100000000)
  to   space 116224K, 0% used [0x00000000f1d00000,0x00000000f1d00000,0x00000000f8e80000)
 ParOldGen       total 517120K, used 302450K [0x00000000c0000000, 0x00000000df900000, 0x00000000eab00000)
  object space 517120K, 58% used [0x00000000c0000000,0x00000000d275cbe0,0x00000000df900000)
 Metaspace       used 7285K, capacity 7768K, committed 7936K, reserved 1056768K
  class space    used 669K, capacity 720K, committed 768K, reserved 1048576K
GC Heap History (10 events):
Event: 7.584 GC heap before
{Heap before GC invocations=15 (full 2):
 PSYoungGen      total 240640K, used 233855K [0x00000000eab00000, 0x0000000100000000, 0x0000000100000000)
  eden space 153600K, 100% used [0x00000000eab00000,0x00000000f4100000,0x00000000f4100000)
  from space 87040K, 92% used [0x00000000fab00000,0x00000000ff95fe40,0x0000000100000000)
  to   space 97792K, 0% used [0x00000000f4100000,0x00000000f4100000,0x00000000fa080000)
 ParOldGen       total 297984K, used 170041K [0x00000000c0000000, 0x00000000d2300000, 0x00000000eab00000)
  object space 297984K, 57% used [0x00000000c0000000,0x00000000ca60e680,0x00000000d2300000)
 Metaspace       used 6858K, capacity 7384K, committed 7680K, reserved 1056768K
  class space    used 647K, capacity 656K, committed 768K, reserved 1048576K
Event: 7.642 GC heap after
Heap after GC invocations=15 (full 2):
 PSYoungGen      total 251392K, used 97788K [0x00000000eab00000, 0x0000000100000000, 0x0000000100000000)
  eden space 153600K, 0% used [0x00000000eab00000,0x00000000eab00000,0x00000000f4100000)
  from space 97792K, 99% used [0x00000000f4100000,0x00000000fa07f3a8,0x00000000fa080000)
  to   space 97792K, 0% used [0x00000000fa080000,0x00000000fa080000,0x0000000100000000)
 ParOldGen       total 297984K, used 173313K [0x00000000c0000000, 0x00000000d2300000, 0x00000000eab00000)
  object space 297984K, 58% used [0x00000000c0000000,0x00000000ca940780,0x00000000d2300000)
 Metaspace       used 6858K, capacity 7384K, committed 7680K, reserved 1056768K
  class space    used 647K, capacity 656K, committed 768K, reserved 1048576K
}
Event: 7.893 GC heap before
{Heap before GC invocations=16 (full 2):
 PSYoungGen      total 251392K, used 251388K [0x00000000eab00000, 0x0000000100000000, 0x0000000100000000)
  eden space 153600K, 100% used [0x00000000eab00000,0x00000000f4100000,0x00000000f4100000)
  from space 97792K, 99% used [0x00000000f4100000,0x00000000fa07f3a8,0x00000000fa080000)
  to   space 97792K, 0% used [0x00000000fa080000,0x00000000fa080000,0x0000000100000000)
 ParOldGen       total 297984K, used 173313K [0x00000000c0000000, 0x00000000d2300000, 0x00000000eab00000)
  object space 297984K, 58% used [0x00000000c0000000,0x00000000ca940780,0x00000000d2300000)
 Metaspace       used 6861K, capacity 7384K, committed 7680K, reserved 1056768K
  class space    used 647K, capacity 656K, committed 768K, reserved 1048576K
Event: 7.967 GC heap after
Heap after GC invocations=16 (full 2):
 PSYoungGen      total 214528K, used 95644K [0x00000000eab00000, 0x0000000100000000, 0x0000000100000000)
  eden space 116736K, 0% used [0x00000000eab00000,0x00000000eab00000,0x00000000f1d00000)
  from space 97792K, 97% used [0x00000000fa080000,0x00000000ffde7140,0x0000000100000000)
  to   space 116224K, 0% used [0x00000000f1d00000,0x00000000f1d00000,0x00000000f8e80000)
 ParOldGen       total 297984K, used 198805K [0x00000000c0000000, 0x00000000d2300000, 0x00000000eab00000)
  object space 297984K, 66% used [0x00000000c0000000,0x00000000cc225730,0x00000000d2300000)
 Metaspace       used 6861K, capacity 7384K, committed 7680K, reserved 1056768K
  class space    used 647K, capacity 656K, committed 768K, reserved 1048576K
}
Event: 8.182 GC heap before
{Heap before GC invocations=17 (full 2):
 PSYoungGen      total 214528K, used 212380K [0x00000000eab00000, 0x0000000100000000, 0x0000000100000000)
  eden space 116736K, 100% used [0x00000000eab00000,0x00000000f1d00000,0x00000000f1d00000)
  from space 97792K, 97% used [0x00000000fa080000,0x00000000ffde7140,0x0000000100000000)
  to   space 116224K, 0% used [0x00000000f1d00000,0x00000000f1d00000,0x00000000f8e80000)
 ParOldGen       total 297984K, used 198805K [0x00000000c0000000, 0x00000000d2300000, 0x00000000eab00000)
  object space 297984K, 66% used [0x00000000c0000000,0x00000000cc225730,0x00000000d2300000)
 Metaspace       used 6864K, capacity 7384K, committed 7680K, reserved 1056768K
  class space    used 648K, capacity 656K, committed 768K, reserved 1048576K
Event: 8.255 GC heap after
Heap after GC invocations=17 (full 2):
 PSYoungGen      total 232960K, used 61855K [0x00000000eab00000, 0x0000000100000000, 0x0000000100000000)
  eden space 116736K, 0% used [0x00000000eab00000,0x00000000eab00000,0x00000000f1d00000)
  from space 116224K, 53% used [0x00000000f1d00000,0x00000000f5967dd0,0x00000000f8e80000)
  to   space 116224K, 0% used [0x00000000f8e80000,0x00000000f8e80000,0x0000000100000000)
 ParOldGen       total 297984K, used 250186K [0x00000000c0000000, 0x00000000d2300000, 0x00000000eab00000)
  object space 297984K, 83% used [0x00000000c0000000,0x00000000cf4529b8,0x00000000d2300000)
 Metaspace       used 6864K, capacity 7384K, committed 7680K, reserved 1056768K
  class space    used 648K, capacity 656K, committed 768K, reserved 1048576K
}
Event: 8.255 GC heap before
{Heap before GC invocations=18 (full 3):
 PSYoungGen      total 232960K, used 61855K [0x00000000eab00000, 0x0000000100000000, 0x0000000100000000)
  eden space 116736K, 0% used [0x00000000eab00000,0x00000000eab00000,0x00000000f1d00000)
  from space 116224K, 53% used [0x00000000f1d00000,0x00000000f5967dd0,0x00000000f8e80000)
  to   space 116224K, 0% used [0x00000000f8e80000,0x00000000f8e80000,0x0000000100000000)
 ParOldGen       total 297984K, used 250186K [0x00000000c0000000, 0x00000000d2300000, 0x00000000eab00000)
  object space 297984K, 83% used [0x00000000c0000000,0x00000000cf4529b8,0x00000000d2300000)
 Metaspace       used 6864K, capacity 7384K, committed 7680K, reserved 1056768K
  class space    used 648K, capacity 656K, committed 768K, reserved 1048576K
Event: 9.128 GC heap after
Heap after GC invocations=18 (full 3):
 PSYoungGen      total 232960K, used 12058K [0x00000000eab00000, 0x0000000100000000, 0x0000000100000000)
  eden space 116736K, 0% used [0x00000000eab00000,0x00000000eab00000,0x00000000f1d00000)
  from space 116224K, 10% used [0x00000000f1d00000,0x00000000f28c6a08,0x00000000f8e80000)
  to   space 116224K, 0% used [0x00000000f8e80000,0x00000000f8e80000,0x0000000100000000)
 ParOldGen       total 297984K, used 297651K [0x00000000c0000000, 0x00000000d2300000, 0x00000000eab00000)
  object space 297984K, 99% used [0x00000000c0000000,0x00000000d22ace20,0x00000000d2300000)
 Metaspace       used 6864K, capacity 7384K, committed 7680K, reserved 1056768K
  class space    used 648K, capacity 656K, committed 768K, reserved 1048576K
}
Event: 9.428 GC heap before
{Heap before GC invocations=19 (full 4):
 PSYoungGen      total 232960K, used 128794K [0x00000000eab00000, 0x0000000100000000, 0x0000000100000000)
  eden space 116736K, 100% used [0x00000000eab00000,0x00000000f1d00000,0x00000000f1d00000)
  from space 116224K, 10% used [0x00000000f1d00000,0x00000000f28c6a08,0x00000000f8e80000)
  to   space 116224K, 0% used [0x00000000f8e80000,0x00000000f8e80000,0x0000000100000000)
 ParOldGen       total 297984K, used 297651K [0x00000000c0000000, 0x00000000d2300000, 0x00000000eab00000)
  object space 297984K, 99% used [0x00000000c0000000,0x00000000d22ace20,0x00000000d2300000)
 Metaspace       used 6969K, capacity 7480K, committed 7680K, reserved 1056768K
  class space    used 654K, capacity 688K, committed 768K, reserved 1048576K
Event: 11.248 GC heap after
Heap after GC invocations=19 (full 4):
 PSYoungGen      total 232960K, used 25279K [0x00000000eab00000, 0x0000000100000000, 0x0000000100000000)
  eden space 116736K, 21% used [0x00000000eab00000,0x00000000ec3afdc8,0x00000000f1d00000)
  from space 116224K, 0% used [0x00000000f1d00000,0x00000000f1d00000,0x00000000f8e80000)
  to   space 116224K, 0% used [0x00000000f8e80000,0x00000000f8e80000,0x0000000100000000)
 ParOldGen       total 517120K, used 297970K [0x00000000c0000000, 0x00000000df900000, 0x00000000eab00000)
  object space 517120K, 57% used [0x00000000c0000000,0x00000000d22fcbe0,0x00000000df900000)
 Metaspace       used 6969K, capacity 7480K, committed 7680K, reserved 1056768K
  class space    used 654K, capacity 688K, committed 768K, reserved 1048576K
}

