# JRE version: Java(TM) SE Runtime Environment (8.0_112-b15) (build 1.8.0_112-b15)
# Java VM: Java HotSpot(TM) Client VM (25.112-b15 mixed mode windows-x86 )
Heap:
 def new generation   total 131904K, used 14592K [0x04c00000, 0x0db10000, 0x1a150000)
  eden space 117312K,   0% used [0x04c00000, 0x04c00000, 0x0be90000)
  from space 14592K, 100% used [0x0ccd0000, 0x0db10000, 0x0db10000)
  to   space 14592K,   0% used [0x0be90000, 0x0be90000, 0x0ccd0000)
 tenured generation   total 306472K, used 306469K [0x1a150000, 0x2cc9a000, 0x44c00000)
   the space 306472K,  99% used [0x1a150000, 0x2cc99440, 0x2cc99600, 0x2cc9a000)
 Metaspace       used 3642K, capacity 3662K, committed 3776K, reserved 4480K
GC Heap History (10 events):
Event: 5.139 GC heap after
Heap after GC invocations=57 (full 6):
 def new generation   total 118592K, used 13119K [0x04c00000, 0x0cca0000, 0x1a150000)
  eden space 105472K,   0% used [0x04c00000, 0x04c00000, 0x0b300000)
  from space 13120K,  99% used [0x0b300000, 0x0bfcfff8, 0x0bfd0000)
  to   space 13120K,   0% used [0x0bfd0000, 0x0bfd0000, 0x0cca0000)
 tenured generation   total 263336K, used 256681K [0x1a150000, 0x2a27a000, 0x44c00000)
   the space 263336K,  97% used [0x1a150000, 0x29bfa4c0, 0x29bfa600, 0x2a27a000)
 Metaspace       used 3642K, capacity 3662K, committed 3776K, reserved 4480K
}
Event: 5.307 GC heap before
{Heap before GC invocations=57 (full 6):
 def new generation   total 118592K, used 118591K [0x04c00000, 0x0cca0000, 0x1a150000)
  eden space 105472K, 100% used [0x04c00000, 0x0b300000, 0x0b300000)
  from space 13120K,  99% used [0x0b300000, 0x0bfcfff8, 0x0bfd0000)
  to   space 13120K,   0% used [0x0bfd0000, 0x0bfd0000, 0x0cca0000)
 tenured generation   total 263336K, used 256681K [0x1a150000, 0x2a27a000, 0x44c00000)
   the space 263336K,  97% used [0x1a150000, 0x29bfa4d8, 0x29bfa600, 0x2a27a000)
 Metaspace       used 3642K, capacity 3662K, committed 3776K, reserved 4480K
Event: 5.902 GC heap after
Heap after GC invocations=58 (full 7):
 def new generation   total 121728K, used 13109K [0x04c00000, 0x0d010000, 0x1a150000)
  eden space 108224K,  12% used [0x04c00000, 0x058cd4b8, 0x0b5b0000)
  from space 13504K,   0% used [0x0b5b0000, 0x0b5b0000, 0x0c2e0000)
  to   space 13504K,   0% used [0x0c2e0000, 0x0c2e0000, 0x0d010000)
 tenured generation   total 270376K, used 270372K [0x1a150000, 0x2a95a000, 0x44c00000)
   the space 270376K,  99% used [0x1a150000, 0x2a959090, 0x2a959200, 0x2a95a000)
 Metaspace       used 3642K, capacity 3662K, committed 3776K, reserved 4480K
}
Event: 5.902 GC heap before
{Heap before GC invocations=58 (full 7):
 def new generation   total 121728K, used 14081K [0x04c00000, 0x0d010000, 0x1a150000)
  eden space 108224K,  13% used [0x04c00000, 0x059c0510, 0x0b5b0000)
  from space 13504K,   0% used [0x0b5b0000, 0x0b5b0000, 0x0c2e0000)
  to   space 13504K,   0% used [0x0c2e0000, 0x0c2e0000, 0x0d010000)
 tenured generation   total 270376K, used 270372K [0x1a150000, 0x2a95a000, 0x44c00000)
   the space 270376K,  99% used [0x1a150000, 0x2a959090, 0x2a959200, 0x2a95a000)
 Metaspace       used 3642K, capacity 3662K, committed 3776K, reserved 4480K
Event: 6.014 GC heap after
Heap after GC invocations=59 (full 7):
 def new generation   total 121728K, used 12415K [0x04c00000, 0x0d010000, 0x1a150000)
  eden space 108224K,   0% used [0x04c00000, 0x04c00000, 0x0b5b0000)
  from space 13504K,  91% used [0x0c2e0000, 0x0ceffc98, 0x0d010000)
  to   space 13504K,   0% used [0x0b5b0000, 0x0b5b0000, 0x0c2e0000)
 tenured generation   total 271144K, used 271068K [0x1a150000, 0x2aa1a000, 0x44c00000)
   the space 271144K,  99% used [0x1a150000, 0x2aa07250, 0x2aa07400, 0x2aa1a000)
 Metaspace       used 3642K, capacity 3662K, committed 3776K, reserved 4480K
}
Event: 6.181 GC heap before
{Heap before GC invocations=59 (full 7):
 def new generation   total 121728K, used 120639K [0x04c00000, 0x0d010000, 0x1a150000)
  eden space 108224K, 100% used [0x04c00000, 0x0b5b0000, 0x0b5b0000)
  from space 13504K,  91% used [0x0c2e0000, 0x0ceffc98, 0x0d010000)
  to   space 13504K,   0% used [0x0b5b0000, 0x0b5b0000, 0x0c2e0000)
 tenured generation   total 271144K, used 271068K [0x1a150000, 0x2aa1a000, 0x44c00000)
   the space 271144K,  99% used [0x1a150000, 0x2aa07250, 0x2aa07400, 0x2aa1a000)
 Metaspace       used 3642K, capacity 3662K, committed 3776K, reserved 4480K
Event: 6.918 GC heap after
Heap after GC invocations=60 (full 8):
 def new generation   total 128832K, used 3463K [0x04c00000, 0x0d7c0000, 0x1a150000)
  eden space 114560K,   3% used [0x04c00000, 0x04f61e50, 0x0bbe0000)
  from space 14272K,   0% used [0x0bbe0000, 0x0bbe0000, 0x0c9d0000)
  to   space 14272K,   0% used [0x0c9d0000, 0x0c9d0000, 0x0d7c0000)
 tenured generation   total 286120K, used 286120K [0x1a150000, 0x2b8ba000, 0x44c00000)
   the space 286120K, 100% used [0x1a150000, 0x2b8ba000, 0x2b8ba000, 0x2b8ba000)
 Metaspace       used 3642K, capacity 3662K, committed 3776K, reserved 4480K
}
Event: 7.097 GC heap before
{Heap before GC invocations=60 (full 8):
 def new generation   total 128832K, used 114560K [0x04c00000, 0x0d7c0000, 0x1a150000)
  eden space 114560K, 100% used [0x04c00000, 0x0bbe0000, 0x0bbe0000)
  from space 14272K,   0% used [0x0bbe0000, 0x0bbe0000, 0x0c9d0000)
  to   space 14272K,   0% used [0x0c9d0000, 0x0c9d0000, 0x0d7c0000)
 tenured generation   total 286120K, used 286120K [0x1a150000, 0x2b8ba000, 0x44c00000)
   the space 286120K, 100% used [0x1a150000, 0x2b8ba000, 0x2b8ba000, 0x2b8ba000)
 Metaspace       used 3642K, capacity 3662K, committed 3776K, reserved 4480K
Event: 7.858 GC heap after
Heap after GC invocations=61 (full 9):
 def new generation   total 131904K, used 14177K [0x04c00000, 0x0db10000, 0x1a150000)
  eden space 117312K,  12% used [0x04c00000, 0x059d8458, 0x0be90000)
  from space 14592K,   0% used [0x0be90000, 0x0be90000, 0x0ccd0000)
  to   space 14592K,   0% used [0x0ccd0000, 0x0ccd0000, 0x0db10000)
 tenured generation   total 292904K, used 292892K [0x1a150000, 0x2bf5a000, 0x44c00000)
   the space 292904K,  99% used [0x1a150000, 0x2bf572a8, 0x2bf57400, 0x2bf5a000)
 Metaspace       used 3642K, capacity 3662K, committed 3776K, reserved 4480K
}
Event: 8.025 GC heap before
{Heap before GC invocations=61 (full 9):
 def new generation   total 131904K, used 117312K [0x04c00000, 0x0db10000, 0x1a150000)
  eden space 117312K, 100% used [0x04c00000, 0x0be90000, 0x0be90000)
  from space 14592K,   0% used [0x0be90000, 0x0be90000, 0x0ccd0000)
  to   space 14592K,   0% used [0x0ccd0000, 0x0ccd0000, 0x0db10000)
 tenured generation   total 292904K, used 292892K [0x1a150000, 0x2bf5a000, 0x44c00000)
   the space 292904K,  99% used [0x1a150000, 0x2bf572a8, 0x2bf57400, 0x2bf5a000)
 Metaspace       used 3642K, capacity 3662K, committed 3776K, reserved 4480K

